<?xml version="1.0" encoding="UTF-8"?>
<!-- Generated by org.testng.reporters.JUnitXMLReporter -->
<testsuite ignored="0" hostname="DESKTOP-3J7H24P" failures="2" tests="2" name="Surefire test" time="27.175" errors="0" timestamp="2024-07-14T11:44:17 IST">
  <testcase classname="io.cucumber.testng.AbstractTestNGCucumberTests" name="runScenario" time="24.588">
    <failure type="java.lang.NullPointerException" message="Cannot invoke &amp;quot;org.openqa.selenium.WebDriver.findElement(org.openqa.selenium.By)&amp;quot; because &amp;quot;this.driver&amp;quot; is null">
      <![CDATA[java.lang.NullPointerException: Cannot invoke "org.openqa.selenium.WebDriver.findElement(org.openqa.selenium.By)" because "this.driver" is null
at pageObjects.OffersPage.searchItems(OffersPage.java:19)
at stepDefinitions.OfferPageStepDef.user_searched_for_same_shortname_in_offers_page(OfferPageStepDef.java:36)
at ✽.User searched for Tom shortname in offers page(file:///C:/Users/Deva/eclipse-workspace1/CucumberFramwork/src/test/java/features/searchProduct.feature:7)
]]>
    </failure>
  </testcase> <!-- runScenario -->
  <testcase classname="io.cucumber.testng.AbstractTestNGCucumberTests" name="runScenario" time="24.863">
    <failure type="java.lang.NullPointerException" message="Cannot invoke &amp;quot;org.openqa.selenium.WebDriver.findElement(org.openqa.selenium.By)&amp;quot; because &amp;quot;this.driver&amp;quot; is null">
      <![CDATA[java.lang.NullPointerException: Cannot invoke "org.openqa.selenium.WebDriver.findElement(org.openqa.selenium.By)" because "this.driver" is null
at pageObjects.OffersPage.searchItems(OffersPage.java:19)
at stepDefinitions.OfferPageStepDef.user_searched_for_same_shortname_in_offers_page(OfferPageStepDef.java:36)
at ✽.User searched for Pot shortname in offers page(file:///C:/Users/Deva/eclipse-workspace1/CucumberFramwork/src/test/java/features/searchProduct.feature:7)
]]>
    </failure>
  </testcase> <!-- runScenario -->
</testsuite> <!-- Surefire test -->
