<?xml version="1.0" encoding="UTF-8"?>
<!-- Generated by org.testng.reporters.JUnitReportReporter -->
<testsuite hostname="DESKTOP-3J7H24P" failures="0" tests="2" name="cucumberOptions.TestNGTestRunner" time="49.451" errors="2" timestamp="2024-07-14T11:44:17 IST" skipped="0">
  <testcase classname="cucumberOptions.TestNGTestRunner" name="runScenario" time="24.863">
    <error message="Cannot invoke &quot;org.openqa.selenium.WebDriver.findElement(org.openqa.selenium.By)&quot; because &quot;this.driver&quot; is null" type="java.lang.NullPointerException">
      <![CDATA[java.lang.NullPointerException: Cannot invoke "org.openqa.selenium.WebDriver.findElement(org.openqa.selenium.By)" because "this.driver" is null
at pageObjects.OffersPage.searchItems(OffersPage.java:19)
at stepDefinitions.OfferPageStepDef.user_searched_for_same_shortname_in_offers_page(OfferPageStepDef.java:36)
at ✽.User searched for Pot shortname in offers page(file:///C:/Users/Deva/eclipse-workspace1/CucumberFramwork/src/test/java/features/searchProduct.feature:7)
]]>
    </error>
  </testcase> <!-- runScenario -->
  <testcase classname="cucumberOptions.TestNGTestRunner" name="runScenario" time="24.588">
    <error message="Cannot invoke &quot;org.openqa.selenium.WebDriver.findElement(org.openqa.selenium.By)&quot; because &quot;this.driver&quot; is null" type="java.lang.NullPointerException">
      <![CDATA[java.lang.NullPointerException: Cannot invoke "org.openqa.selenium.WebDriver.findElement(org.openqa.selenium.By)" because "this.driver" is null
at pageObjects.OffersPage.searchItems(OffersPage.java:19)
at stepDefinitions.OfferPageStepDef.user_searched_for_same_shortname_in_offers_page(OfferPageStepDef.java:36)
at ✽.User searched for Tom shortname in offers page(file:///C:/Users/Deva/eclipse-workspace1/CucumberFramwork/src/test/java/features/searchProduct.feature:7)
]]>
    </error>
  </testcase> <!-- runScenario -->
</testsuite> <!-- cucumberOptions.TestNGTestRunner -->
